[    22.929] (--) Log file renamed from "/home/ann/.local/share/xorg/Xorg.pid-959.log" to "/home/ann/.local/share/xorg/Xorg.0.log"
[    22.934] 
X.Org X Server 1.20.4
X Protocol Version 11, Revision 0
[    22.934] Build Operating System: Linux 4.4.0-143-generic x86_64 Ubuntu
[    22.935] Current Operating System: Linux ann-VirtualBox 5.0.0-29-generic #31-Ubuntu SMP Thu Sep 12 13:05:32 UTC 2019 x86_64
[    22.935] Kernel command line: BOOT_IMAGE=/boot/vmlinuz-5.0.0-29-generic root=UUID=83d9987e-24f5-4699-9be2-e3aaef29244f ro quiet splash
[    22.935] Build Date: 03 April 2019  09:03:57AM
[    22.936] xorg-server 2:1.20.4-1ubuntu3 (For technical support please see http://www.ubuntu.com/support) 
[    22.936] Current version of pixman: 0.36.0
[    22.936] 	Before reporting problems, check http://wiki.x.org
	to make sure that you have the latest version.
[    22.936] Markers: (--) probed, (**) from config file, (==) default setting,
	(++) from command line, (!!) notice, (II) informational,
	(WW) warning, (EE) error, (NI) not implemented, (??) unknown.
[    22.937] (==) Log file: "/home/ann/.local/share/xorg/Xorg.0.log", Time: Thu Oct  3 20:02:48 2019
[    22.955] (==) Using system config directory "/usr/share/X11/xorg.conf.d"
[    22.972] (==) No Layout section.  Using the first Screen section.
[    22.972] (==) No screen section available. Using defaults.
[    22.972] (**) |-->Screen "Default Screen Section" (0)
[    22.972] (**) |   |-->Monitor "<default monitor>"
[    22.974] (==) No monitor specified for screen "Default Screen Section".
	Using a default monitor configuration.
[    22.975] (==) Automatically adding devices
[    22.975] (==) Automatically enabling devices
[    22.975] (==) Automatically adding GPU devices
[    22.975] (==) Automatically binding GPU devices
[    22.976] (==) Max clients allowed: 256, resource mask: 0x1fffff
[    22.987] (WW) The directory "/usr/share/fonts/X11/cyrillic" does not exist.
[    22.988] 	Entry deleted from font path.
[    22.988] (WW) The directory "/usr/share/fonts/X11/100dpi/" does not exist.
[    22.988] 	Entry deleted from font path.
[    22.988] (WW) The directory "/usr/share/fonts/X11/75dpi/" does not exist.
[    22.989] 	Entry deleted from font path.
[    22.989] (WW) The directory "/usr/share/fonts/X11/100dpi" does not exist.
[    22.989] 	Entry deleted from font path.
[    22.989] (WW) The directory "/usr/share/fonts/X11/75dpi" does not exist.
[    22.990] 	Entry deleted from font path.
[    22.990] (==) FontPath set to:
	/usr/share/fonts/X11/misc,
	/usr/share/fonts/X11/Type1,
	built-ins
[    22.991] (==) ModulePath set to "/usr/lib/xorg/modules"
[    22.991] (II) The server relies on udev to provide the list of input devices.
	If no devices become available, reconfigure udev or disable AutoAddDevices.
[    22.991] (II) Loader magic: 0x55666a2ed020
[    22.991] (II) Module ABI versions:
[    22.991] 	X.Org ANSI C Emulation: 0.4
[    22.991] 	X.Org Video Driver: 24.0
[    22.991] 	X.Org XInput driver : 24.1
[    22.991] 	X.Org Server Extension : 10.0
[    22.994] (++) using VT number 2

[    23.019] (II) systemd-logind: took control of session /org/freedesktop/login1/session/_31
[    23.022] (II) xfree86: Adding drm device (/dev/dri/card0)
[    23.028] (II) systemd-logind: got fd for /dev/dri/card0 226:0 fd 12 paused 0
[    23.030] (--) PCI:*(0@0:2:0) 15ad:0405:15ad:0405 rev 0, Mem @ 0xf0000000/16777216, 0xf1000000/2097152, I/O @ 0x0000d010/16, BIOS @ 0x????????/131072
[    23.031] (II) LoadModule: "glx"
[    23.044] (II) Loading /usr/lib/xorg/modules/extensions/libglx.so
[    23.120] (II) Module glx: vendor="X.Org Foundation"
[    23.120] 	compiled for 1.20.4, module version = 1.0.0
[    23.120] 	ABI class: X.Org Server Extension, version 10.0
[    23.120] (==) Matched vmware as autoconfigured driver 0
[    23.120] (==) Matched modesetting as autoconfigured driver 1
[    23.120] (==) Matched fbdev as autoconfigured driver 2
[    23.121] (==) Matched vesa as autoconfigured driver 3
[    23.121] (==) Assigned the driver to the xf86ConfigLayout
[    23.121] (II) LoadModule: "vmware"
[    23.125] (II) Loading /usr/lib/xorg/modules/drivers/vmware_drv.so
[    24.207] (II) Module vmware: vendor="X.Org Foundation"
[    24.207] 	compiled for 1.20.0, module version = 13.3.0
[    24.207] 	Module class: X.Org Video Driver
[    24.207] 	ABI class: X.Org Video Driver, version 24.0
[    24.207] (II) LoadModule: "modesetting"
[    24.208] (II) Loading /usr/lib/xorg/modules/drivers/modesetting_drv.so
[    24.217] (II) Module modesetting: vendor="X.Org Foundation"
[    24.217] 	compiled for 1.20.4, module version = 1.20.4
[    24.217] 	Module class: X.Org Video Driver
[    24.218] 	ABI class: X.Org Video Driver, version 24.0
[    24.218] (II) LoadModule: "fbdev"
[    24.218] (II) Loading /usr/lib/xorg/modules/drivers/fbdev_drv.so
[    24.224] (II) Module fbdev: vendor="X.Org Foundation"
[    24.224] 	compiled for 1.20.1, module version = 0.5.0
[    24.224] 	Module class: X.Org Video Driver
[    24.224] 	ABI class: X.Org Video Driver, version 24.0
[    24.224] (II) LoadModule: "vesa"
[    24.225] (II) Loading /usr/lib/xorg/modules/drivers/vesa_drv.so
[    24.236] (II) Module vesa: vendor="X.Org Foundation"
[    24.236] 	compiled for 1.20.4, module version = 2.4.0
[    24.236] 	Module class: X.Org Video Driver
[    24.236] 	ABI class: X.Org Video Driver, version 24.0
[    24.236] (II) vmware: driver for VMware SVGA: vmware0405, vmware0710
[    24.237] (II) modesetting: Driver for Modesetting Kernel Drivers: kms
[    24.237] (II) FBDEV: driver for framebuffer: fbdev
[    24.237] (II) VESA: driver for VESA chipsets: vesa
[    24.237] xf86EnableIOPorts: failed to set IOPL for I/O (Operation not permitted)
[    24.237] (WW) Falling back to old probe method for modesetting
[    24.237] (WW) Falling back to old probe method for fbdev
[    24.237] (II) Loading sub module "fbdevhw"
[    24.237] (II) LoadModule: "fbdevhw"
[    24.237] (II) Loading /usr/lib/xorg/modules/libfbdevhw.so
[    24.245] (II) Module fbdevhw: vendor="X.Org Foundation"
[    24.245] 	compiled for 1.20.4, module version = 0.0.2
[    24.245] 	ABI class: X.Org Video Driver, version 24.0
[    24.245] (EE) open /dev/fb0: Permission denied
[    24.245] (WW) VGA arbiter: cannot open kernel arbiter, no multi-card support
[    24.245] (II) vmware(0): Creating default Display subsection in Screen section
	"Default Screen Section" for depth/fbbpp 24/32
[    24.245] (--) vmware(0): DRM driver version is 2.15.0
[    24.245] (==) vmware(0): Depth 24, (--) framebuffer bpp 32
[    24.245] (==) vmware(0): RGB weight 888
[    24.245] (==) vmware(0): Default visual is TrueColor
[    24.245] (--) vmware(0): Min width 1, Max Width 8192.
[    24.245] (--) vmware(0): Min height 1, Max Height 8192.
[    24.245] (II) vmware(0): Output Virtual1 has no monitor section
[    24.245] (II) vmware(0): Output Virtual2 has no monitor section
[    24.245] (II) vmware(0): Output Virtual3 has no monitor section
[    24.245] (II) vmware(0): Output Virtual4 has no monitor section
[    24.245] (II) vmware(0): Output Virtual5 has no monitor section
[    24.246] (II) vmware(0): Output Virtual6 has no monitor section
[    24.246] (II) vmware(0): Output Virtual7 has no monitor section
[    24.246] (II) vmware(0): Output Virtual8 has no monitor section
[    24.246] (II) vmware(0): Printing probed modes for output Virtual1
[    24.246] (II) vmware(0): Modeline "800x600"x60.0   42.75  800 850 900 950  600 650 700 750 -hsync +vsync (45.0 kHz eP)
[    24.246] (II) vmware(0): Modeline "2560x1600"x60.0  348.50  2560 2752 3032 3504  1600 1603 1609 1658 -hsync +vsync (99.5 kHz e)
[    24.246] (II) vmware(0): Modeline "1920x1440"x60.0  234.00  1920 2048 2256 2600  1440 1441 1444 1500 -hsync +vsync (90.0 kHz e)
[    24.246] (II) vmware(0): Modeline "1856x1392"x60.0  218.25  1856 1952 2176 2528  1392 1393 1396 1439 -hsync +vsync (86.3 kHz e)
[    24.246] (II) vmware(0): Modeline "1792x1344"x60.0  204.75  1792 1920 2120 2448  1344 1345 1348 1394 -hsync +vsync (83.6 kHz e)
[    24.246] (II) vmware(0): Modeline "1920x1200"x59.9  193.25  1920 2056 2256 2592  1200 1203 1209 1245 -hsync +vsync (74.6 kHz e)
[    24.246] (II) vmware(0): Modeline "1600x1200"x60.0  162.00  1600 1664 1856 2160  1200 1201 1204 1250 +hsync +vsync (75.0 kHz e)
[    24.246] (II) vmware(0): Modeline "1680x1050"x60.0  146.25  1680 1784 1960 2240  1050 1053 1059 1089 -hsync +vsync (65.3 kHz e)
[    24.246] (II) vmware(0): Modeline "1400x1050"x60.0  121.75  1400 1488 1632 1864  1050 1053 1057 1089 -hsync +vsync (65.3 kHz e)
[    24.246] (II) vmware(0): Modeline "1280x1024"x60.0  108.00  1280 1328 1440 1688  1024 1025 1028 1066 +hsync +vsync (64.0 kHz e)
[    24.246] (II) vmware(0): Modeline "1440x900"x59.9  106.50  1440 1520 1672 1904  900 903 909 934 -hsync +vsync (55.9 kHz e)
[    24.246] (II) vmware(0): Modeline "1280x960"x60.0  108.00  1280 1376 1488 1800  960 961 964 1000 +hsync +vsync (60.0 kHz e)
[    24.246] (II) vmware(0): Modeline "1360x768"x60.0   85.50  1360 1424 1536 1792  768 771 777 795 +hsync +vsync (47.7 kHz e)
[    24.246] (II) vmware(0): Modeline "1280x800"x59.8   83.50  1280 1352 1480 1680  800 803 809 831 +hsync -vsync (49.7 kHz e)
[    24.246] (II) vmware(0): Modeline "1152x864"x75.0  108.00  1152 1216 1344 1600  864 865 868 900 +hsync +vsync (67.5 kHz e)
[    24.246] (II) vmware(0): Modeline "1280x768"x59.9   79.50  1280 1344 1472 1664  768 771 778 798 -hsync +vsync (47.8 kHz e)
[    24.246] (II) vmware(0): Modeline "1024x768"x60.0   65.00  1024 1048 1184 1344  768 771 777 806 -hsync -vsync (48.4 kHz e)
[    24.246] (II) vmware(0): Modeline "800x600"x60.3   40.00  800 840 968 1056  600 601 605 628 +hsync +vsync (37.9 kHz e)
[    24.246] (II) vmware(0): Modeline "640x480"x59.9   25.18  640 656 752 800  480 489 492 525 -hsync -vsync (31.5 kHz e)
[    24.246] (II) vmware(0): EDID for output Virtual2
[    24.246] (II) vmware(0): EDID for output Virtual3
[    24.246] (II) vmware(0): EDID for output Virtual4
[    24.246] (II) vmware(0): EDID for output Virtual5
[    24.246] (II) vmware(0): EDID for output Virtual6
[    24.246] (II) vmware(0): EDID for output Virtual7
[    24.246] (II) vmware(0): EDID for output Virtual8
[    24.246] (II) vmware(0): Output Virtual1 connected
[    24.246] (II) vmware(0): Output Virtual2 disconnected
[    24.246] (II) vmware(0): Output Virtual3 disconnected
[    24.246] (II) vmware(0): Output Virtual4 disconnected
[    24.246] (II) vmware(0): Output Virtual5 disconnected
[    24.246] (II) vmware(0): Output Virtual6 disconnected
[    24.246] (II) vmware(0): Output Virtual7 disconnected
[    24.247] (II) vmware(0): Output Virtual8 disconnected
[    24.247] (II) vmware(0): Using exact sizes for initial modes
[    24.247] (II) vmware(0): Output Virtual1 using initial mode 800x600 +0+0
[    24.247] (==) vmware(0): DPI set to (96, 96)
[    24.247] (==) vmware(0): Using gamma correction (1.0, 1.0, 1.0)
[    24.247] (II) Loading sub module "fb"
[    24.247] (II) LoadModule: "fb"
[    24.247] (II) Loading /usr/lib/xorg/modules/libfb.so
[    24.258] (II) Module fb: vendor="X.Org Foundation"
[    24.258] 	compiled for 1.20.4, module version = 1.0.0
[    24.258] 	ABI class: X.Org ANSI C Emulation, version 0.4
[    24.258] (II) Loading sub module "dri2"
[    24.258] (II) LoadModule: "dri2"
[    24.258] (II) Module "dri2" already built-in
[    24.258] (II) Loading sub module "dri3"
[    24.258] (II) LoadModule: "dri3"
[    24.258] (II) Module "dri3" already built-in
[    24.258] (II) UnloadModule: "modesetting"
[    24.258] (II) Unloading modesetting
[    24.258] (II) UnloadModule: "fbdev"
[    24.258] (II) Unloading fbdev
[    24.258] (II) UnloadSubModule: "fbdevhw"
[    24.258] (II) Unloading fbdevhw
[    24.258] (II) UnloadModule: "vesa"
[    24.258] (II) Unloading vesa
[    24.261] (II) vmware(0): Initialized VMWARE_CTRL extension version 0.2
[    24.311] (WW) vmware(0): Failed to initialize Gallium3D Xa. No render acceleration available.
[    24.311] (WW) vmware(0): Skipped initialization of direct rendering due to lack of render acceleration.
[    24.311] (--) vmware(0): Render acceleration is disabled.
[    24.311] (==) vmware(0): Rendercheck mode is disabled.
[    24.311] (--) vmware(0): Direct rendering (DRI2 3D) is disabled.
[    24.311] (--) vmware(0): Direct rendering (DRI3 3D) is disabled.
[    24.311] (==) vmware(0): Backing store enabled
[    24.312] (==) vmware(0): Silken mouse enabled
[    24.314] (==) vmware(0): DPMS enabled
[    24.314] (II) vmware(0): No 3D acceleration. Not setting up textured video.
[    24.314] (WW) vmware(0): Disabling Xv because no adaptors could be initialized.
[    24.314] (II) Initializing extension Generic Event Extension
[    24.315] (II) Initializing extension SHAPE
[    24.315] (II) Initializing extension MIT-SHM
[    24.315] (II) Initializing extension XInputExtension
[    24.316] (II) Initializing extension XTEST
[    24.317] (II) Initializing extension BIG-REQUESTS
[    24.317] (II) Initializing extension SYNC
[    24.317] (II) Initializing extension XKEYBOARD
[    24.318] (II) Initializing extension XC-MISC
[    24.318] (II) Initializing extension SECURITY
[    24.319] (II) Initializing extension XFIXES
[    24.319] (II) Initializing extension RENDER
[    24.319] (II) Initializing extension RANDR
[    24.320] (II) Initializing extension COMPOSITE
[    24.320] (II) Initializing extension DAMAGE
[    24.320] (II) Initializing extension MIT-SCREEN-SAVER
[    24.321] (II) Initializing extension DOUBLE-BUFFER
[    24.321] (II) Initializing extension RECORD
[    24.321] (II) Initializing extension DPMS
[    24.321] (II) Initializing extension Present
[    24.322] (II) Initializing extension DRI3
[    24.322] (II) Initializing extension X-Resource
[    24.322] (II) Initializing extension XVideo
[    24.322] (II) Initializing extension XVideo-MotionCompensation
[    24.323] (II) Initializing extension SELinux
[    24.323] (II) SELinux: Disabled on system
[    24.323] (II) Initializing extension GLX
[    24.323] (II) AIGLX: Screen 0 is not DRI2 capable
[    24.716] (II) IGLX: Loaded and initialized swrast
[    24.716] (II) GLX: Initialized DRISWRAST GL provider for screen 0
[    24.717] (II) Initializing extension XFree86-VidModeExtension
[    24.718] (II) Initializing extension XFree86-DGA
[    24.719] (II) Initializing extension XFree86-DRI
[    24.730] (II) Initializing extension DRI2
[    24.742] (II) vmware(0): Setting screen physical size to 211 x 158
[    25.009] (II) config/udev: Adding input device Power Button (/dev/input/event0)
[    25.009] (**) Power Button: Applying InputClass "libinput keyboard catchall"
[    25.009] (II) LoadModule: "libinput"
[    25.010] (II) Loading /usr/lib/xorg/modules/input/libinput_drv.so
[    25.034] (II) Module libinput: vendor="X.Org Foundation"
[    25.034] 	compiled for 1.20.4, module version = 0.28.2
[    25.034] 	Module class: X.Org XInput Driver
[    25.034] 	ABI class: X.Org XInput driver, version 24.1
[    25.035] (II) Using input driver 'libinput' for 'Power Button'
[    25.037] (II) systemd-logind: got fd for /dev/input/event0 13:64 fd 20 paused 0
[    25.037] (**) Power Button: always reports core events
[    25.037] (**) Option "Device" "/dev/input/event0"
[    25.037] (**) Option "_source" "server/udev"
[    25.066] (II) event0  - Power Button: is tagged by udev as: Keyboard
[    25.067] (II) event0  - Power Button: device is a keyboard
[    25.067] (II) event0  - Power Button: device removed
[    25.067] (**) Option "config_info" "udev:/sys/devices/LNXSYSTM:00/LNXPWRBN:00/input/input0/event0"
[    25.067] (II) XINPUT: Adding extended input device "Power Button" (type: KEYBOARD, id 6)
[    25.067] (**) Option "xkb_model" "pc105"
[    25.067] (**) Option "xkb_layout" "us"
[    25.068] (II) event0  - Power Button: is tagged by udev as: Keyboard
[    25.069] (II) event0  - Power Button: device is a keyboard
[    25.069] (II) config/udev: Adding input device Sleep Button (/dev/input/event1)
[    25.069] (**) Sleep Button: Applying InputClass "libinput keyboard catchall"
[    25.069] (II) Using input driver 'libinput' for 'Sleep Button'
[    25.071] (II) systemd-logind: got fd for /dev/input/event1 13:65 fd 23 paused 0
[    25.072] (**) Sleep Button: always reports core events
[    25.072] (**) Option "Device" "/dev/input/event1"
[    25.072] (**) Option "_source" "server/udev"
[    25.072] (II) event1  - Sleep Button: is tagged by udev as: Keyboard
[    25.073] (II) event1  - Sleep Button: device is a keyboard
[    25.073] (II) event1  - Sleep Button: device removed
[    25.073] (**) Option "config_info" "udev:/sys/devices/LNXSYSTM:00/LNXSLPBN:00/input/input1/event1"
[    25.073] (II) XINPUT: Adding extended input device "Sleep Button" (type: KEYBOARD, id 7)
[    25.073] (**) Option "xkb_model" "pc105"
[    25.073] (**) Option "xkb_layout" "us"
[    25.074] (II) event1  - Sleep Button: is tagged by udev as: Keyboard
[    25.074] (II) event1  - Sleep Button: device is a keyboard
[    25.074] (II) config/udev: Adding input device Video Bus (/dev/input/event3)
[    25.075] (**) Video Bus: Applying InputClass "libinput keyboard catchall"
[    25.075] (II) Using input driver 'libinput' for 'Video Bus'
[    25.077] (II) systemd-logind: got fd for /dev/input/event3 13:67 fd 24 paused 0
[    25.077] (**) Video Bus: always reports core events
[    25.077] (**) Option "Device" "/dev/input/event3"
[    25.077] (**) Option "_source" "server/udev"
[    25.078] (II) event3  - Video Bus: is tagged by udev as: Keyboard
[    25.078] (II) event3  - Video Bus: device is a keyboard
[    25.078] (II) event3  - Video Bus: device removed
[    25.078] (**) Option "config_info" "udev:/sys/devices/LNXSYSTM:00/LNXSYBUS:00/PNP0A03:00/LNXVIDEO:00/input/input4/event3"
[    25.078] (II) XINPUT: Adding extended input device "Video Bus" (type: KEYBOARD, id 8)
[    25.078] (**) Option "xkb_model" "pc105"
[    25.078] (**) Option "xkb_layout" "us"
[    25.079] (II) event3  - Video Bus: is tagged by udev as: Keyboard
[    25.079] (II) event3  - Video Bus: device is a keyboard
[    25.080] (II) config/udev: Adding input device VirtualBox mouse integration (/dev/input/event6)
[    25.080] (**) VirtualBox mouse integration: Applying InputClass "libinput pointer catchall"
[    25.080] (II) Using input driver 'libinput' for 'VirtualBox mouse integration'
[    25.083] (II) systemd-logind: got fd for /dev/input/event6 13:70 fd 25 paused 0
[    25.083] (**) VirtualBox mouse integration: always reports core events
[    25.083] (**) Option "Device" "/dev/input/event6"
[    25.083] (**) Option "_source" "server/udev"
[    25.084] (II) event6  - VirtualBox mouse integration: is tagged by udev as: Mouse
[    25.084] (II) event6  - VirtualBox mouse integration: device is a pointer
[    25.084] (II) event6  - VirtualBox mouse integration: device removed
[    25.084] (**) Option "config_info" "udev:/sys/devices/pci0000:00/0000:00:04.0/input/input7/event6"
[    25.084] (II) XINPUT: Adding extended input device "VirtualBox mouse integration" (type: MOUSE, id 9)
[    25.084] (**) Option "AccelerationScheme" "none"
[    25.084] (**) VirtualBox mouse integration: (accel) selected scheme none/0
[    25.084] (**) VirtualBox mouse integration: (accel) acceleration factor: 2.000
[    25.085] (**) VirtualBox mouse integration: (accel) acceleration threshold: 4
[    25.086] (II) event6  - VirtualBox mouse integration: is tagged by udev as: Mouse
[    25.086] (II) event6  - VirtualBox mouse integration: device is a pointer
[    25.086] (II) config/udev: Adding input device VirtualBox mouse integration (/dev/input/js1)
[    25.086] (II) No input driver specified, ignoring this device.
[    25.086] (II) This device may have been added with another device file.
[    25.087] (II) config/udev: Adding input device VirtualBox USB Tablet (/dev/input/event5)
[    25.087] (**) VirtualBox USB Tablet: Applying InputClass "libinput pointer catchall"
[    25.087] (II) Using input driver 'libinput' for 'VirtualBox USB Tablet'
[    25.152] (II) systemd-logind: got fd for /dev/input/event5 13:69 fd 26 paused 0
[    25.153] (**) VirtualBox USB Tablet: always reports core events
[    25.153] (**) Option "Device" "/dev/input/event5"
[    25.153] (**) Option "_source" "server/udev"
[    25.158] (II) event5  - VirtualBox USB Tablet: is tagged by udev as: Mouse
[    25.159] (II) event5  - VirtualBox USB Tablet: device is a pointer
[    25.160] (II) event5  - VirtualBox USB Tablet: device removed
[    25.160] (**) Option "config_info" "udev:/sys/devices/pci0000:00/0000:00:06.0/usb1/1-1/1-1:1.0/0003:80EE:0021.0001/input/input6/event5"
[    25.161] (II) XINPUT: Adding extended input device "VirtualBox USB Tablet" (type: MOUSE, id 10)
[    25.162] (**) Option "AccelerationScheme" "none"
[    25.163] (**) VirtualBox USB Tablet: (accel) selected scheme none/0
[    25.163] (**) VirtualBox USB Tablet: (accel) acceleration factor: 2.000
[    25.163] (**) VirtualBox USB Tablet: (accel) acceleration threshold: 4
[    25.168] (II) event5  - VirtualBox USB Tablet: is tagged by udev as: Mouse
[    25.170] (II) event5  - VirtualBox USB Tablet: device is a pointer
[    25.172] (II) config/udev: Adding input device VirtualBox USB Tablet (/dev/input/js0)
[    25.173] (II) No input driver specified, ignoring this device.
[    25.173] (II) This device may have been added with another device file.
[    25.176] (II) config/udev: Adding input device VirtualBox USB Tablet (/dev/input/mouse1)
[    25.176] (II) No input driver specified, ignoring this device.
[    25.176] (II) This device may have been added with another device file.
[    25.179] (II) config/udev: Adding input device AT Translated Set 2 keyboard (/dev/input/event2)
[    25.179] (**) AT Translated Set 2 keyboard: Applying InputClass "libinput keyboard catchall"
[    25.179] (II) Using input driver 'libinput' for 'AT Translated Set 2 keyboard'
[    25.186] (II) systemd-logind: got fd for /dev/input/event2 13:66 fd 27 paused 0
[    25.187] (**) AT Translated Set 2 keyboard: always reports core events
[    25.187] (**) Option "Device" "/dev/input/event2"
[    25.187] (**) Option "_source" "server/udev"
[    25.189] (II) event2  - AT Translated Set 2 keyboard: is tagged by udev as: Keyboard
[    25.189] (II) event2  - AT Translated Set 2 keyboard: device is a keyboard
[    25.190] (II) event2  - AT Translated Set 2 keyboard: device removed
[    25.190] (**) Option "config_info" "udev:/sys/devices/platform/i8042/serio0/input/input2/event2"
[    25.190] (II) XINPUT: Adding extended input device "AT Translated Set 2 keyboard" (type: KEYBOARD, id 11)
[    25.190] (**) Option "xkb_model" "pc105"
[    25.190] (**) Option "xkb_layout" "us"
[    25.192] (II) event2  - AT Translated Set 2 keyboard: is tagged by udev as: Keyboard
[    25.192] (II) event2  - AT Translated Set 2 keyboard: device is a keyboard
[    25.194] (II) config/udev: Adding input device ImExPS/2 Generic Explorer Mouse (/dev/input/event4)
[    25.194] (**) ImExPS/2 Generic Explorer Mouse: Applying InputClass "libinput pointer catchall"
[    25.194] (II) Using input driver 'libinput' for 'ImExPS/2 Generic Explorer Mouse'
[    25.197] (II) systemd-logind: got fd for /dev/input/event4 13:68 fd 28 paused 0
[    25.198] (**) ImExPS/2 Generic Explorer Mouse: always reports core events
[    25.198] (**) Option "Device" "/dev/input/event4"
[    25.198] (**) Option "_source" "server/udev"
[    25.220] (II) event4  - ImExPS/2 Generic Explorer Mouse: is tagged by udev as: Mouse
[    25.220] (II) event4  - ImExPS/2 Generic Explorer Mouse: device is a pointer
[    25.220] (II) event4  - ImExPS/2 Generic Explorer Mouse: device removed
[    25.220] (**) Option "config_info" "udev:/sys/devices/platform/i8042/serio1/input/input5/event4"
[    25.221] (II) XINPUT: Adding extended input device "ImExPS/2 Generic Explorer Mouse" (type: MOUSE, id 12)
[    25.221] (**) Option "AccelerationScheme" "none"
[    25.221] (**) ImExPS/2 Generic Explorer Mouse: (accel) selected scheme none/0
[    25.221] (**) ImExPS/2 Generic Explorer Mouse: (accel) acceleration factor: 2.000
[    25.221] (**) ImExPS/2 Generic Explorer Mouse: (accel) acceleration threshold: 4
[    25.222] (II) event4  - ImExPS/2 Generic Explorer Mouse: is tagged by udev as: Mouse
[    25.222] (II) event4  - ImExPS/2 Generic Explorer Mouse: device is a pointer
[    25.223] (II) config/udev: Adding input device ImExPS/2 Generic Explorer Mouse (/dev/input/mouse0)
[    25.223] (II) No input driver specified, ignoring this device.
[    25.223] (II) This device may have been added with another device file.
